c:\users\mollet.clarence\documents\github\vulkanengine\build\graphics-sdl3.dir\debug\vc143.pdb
c:\users\mollet.clarence\documents\github\vulkanengine\build\graphics-sdl3.dir\debug\main.obj
c:\users\mollet.clarence\documents\github\vulkanengine\build\graphics-sdl3.dir\debug\window.obj
c:\users\mollet.clarence\documents\github\vulkanengine\build\graphics-sdl3.dir\debug\time.obj
c:\users\mollet.clarence\documents\github\vulkanengine\build\graphics-sdl3.dir\debug\scene02triangle.obj
c:\users\mollet.clarence\documents\github\vulkanengine\build\graphics-sdl3.dir\debug\scene01clear.obj
c:\users\mollet.clarence\documents\github\vulkanengine\build\graphics-sdl3.dir\debug\renderer.obj
c:\users\mollet.clarence\documents\github\vulkanengine\build\cmakefiles\generate.stamp
c:\users\mollet.clarence\documents\github\vulkanengine\build\graphics-sdl3.dir\debug\graphics-sdl3.ilk
c:\users\mollet.clarence\documents\github\vulkanengine\build\debug\graphics-sdl3.pdb
c:\users\mollet.clarence\documents\github\vulkanengine\build\graphics-sdl3.dir\debug\graphics-sdl3.tlog\cl.command.1.tlog
c:\users\mollet.clarence\documents\github\vulkanengine\build\graphics-sdl3.dir\debug\graphics-sdl3.tlog\cl.items.tlog
c:\users\mollet.clarence\documents\github\vulkanengine\build\graphics-sdl3.dir\debug\graphics-sdl3.tlog\cl.read.1.tlog
c:\users\mollet.clarence\documents\github\vulkanengine\build\graphics-sdl3.dir\debug\graphics-sdl3.tlog\cl.write.1.tlog
c:\users\mollet.clarence\documents\github\vulkanengine\build\graphics-sdl3.dir\debug\graphics-sdl3.tlog\custombuild.command.1.tlog
c:\users\mollet.clarence\documents\github\vulkanengine\build\graphics-sdl3.dir\debug\graphics-sdl3.tlog\custombuild.read.1.tlog
c:\users\mollet.clarence\documents\github\vulkanengine\build\graphics-sdl3.dir\debug\graphics-sdl3.tlog\custombuild.write.1.tlog
c:\users\mollet.clarence\documents\github\vulkanengine\build\graphics-sdl3.dir\debug\graphics-sdl3.tlog\link.18444-cvtres.read.1.tlog
c:\users\mollet.clarence\documents\github\vulkanengine\build\graphics-sdl3.dir\debug\graphics-sdl3.tlog\link.18444-cvtres.write.1.tlog
c:\users\mollet.clarence\documents\github\vulkanengine\build\graphics-sdl3.dir\debug\graphics-sdl3.tlog\link.18444-rc.read.1.tlog
c:\users\mollet.clarence\documents\github\vulkanengine\build\graphics-sdl3.dir\debug\graphics-sdl3.tlog\link.18444-rc.write.1.tlog
c:\users\mollet.clarence\documents\github\vulkanengine\build\graphics-sdl3.dir\debug\graphics-sdl3.tlog\link.18444.read.1.tlog
c:\users\mollet.clarence\documents\github\vulkanengine\build\graphics-sdl3.dir\debug\graphics-sdl3.tlog\link.18444.read.2.tlog
c:\users\mollet.clarence\documents\github\vulkanengine\build\graphics-sdl3.dir\debug\graphics-sdl3.tlog\link.18444.read.3.tlog
c:\users\mollet.clarence\documents\github\vulkanengine\build\graphics-sdl3.dir\debug\graphics-sdl3.tlog\link.18444.read.5.tlog
c:\users\mollet.clarence\documents\github\vulkanengine\build\graphics-sdl3.dir\debug\graphics-sdl3.tlog\link.18444.write.1.tlog
c:\users\mollet.clarence\documents\github\vulkanengine\build\graphics-sdl3.dir\debug\graphics-sdl3.tlog\link.command.1.tlog
c:\users\mollet.clarence\documents\github\vulkanengine\build\graphics-sdl3.dir\debug\graphics-sdl3.tlog\link.read.1.tlog
c:\users\mollet.clarence\documents\github\vulkanengine\build\graphics-sdl3.dir\debug\graphics-sdl3.tlog\link.secondary.1.tlog
c:\users\mollet.clarence\documents\github\vulkanengine\build\graphics-sdl3.dir\debug\graphics-sdl3.tlog\link.write.1.tlog
